c:\users\falco\onedrive\documents\visual studio 2017\projects\parallelconsole\parallelconsole\debug\parallelconsole.pch
c:\users\falco\onedrive\documents\visual studio 2017\projects\parallelconsole\parallelconsole\debug\vc141.pdb
c:\users\falco\onedrive\documents\visual studio 2017\projects\parallelconsole\parallelconsole\debug\vc141.idb
c:\users\falco\onedrive\documents\visual studio 2017\projects\parallelconsole\parallelconsole\debug\stdafx.obj
c:\users\falco\onedrive\documents\visual studio 2017\projects\parallelconsole\parallelconsole\debug\parallelconsole.obj
c:\users\falco\onedrive\documents\visual studio 2017\projects\parallelconsole\debug\parallelconsole.ilk
c:\users\falco\onedrive\documents\visual studio 2017\projects\parallelconsole\debug\parallelconsole.exe
c:\users\falco\onedrive\documents\visual studio 2017\projects\parallelconsole\debug\parallelconsole.pdb
c:\projects\parallelconsole\parallelconsole\debug\parallelconsole.obj
c:\projects\parallelconsole\parallelconsole\debug\stdafx.obj
c:\projects\parallelconsole\parallelconsole\debug\parallelconsole.pch
c:\projects\parallelconsole\parallelconsole\debug\vc141.idb
c:\projects\parallelconsole\parallelconsole\debug\vc141.pdb
c:\projects\parallelconsole\debug\parallelconsole.pdb
c:\projects\parallelconsole\debug\parallelconsole.exe
c:\projects\parallelconsole\debug\parallelconsole.ilk
c:\projects\parallelconsole\parallelconsole\debug\parallelconsole.tlog\cl.command.1.tlog
c:\projects\parallelconsole\parallelconsole\debug\parallelconsole.tlog\cl.read.1.tlog
c:\projects\parallelconsole\parallelconsole\debug\parallelconsole.tlog\cl.write.1.tlog
c:\projects\parallelconsole\parallelconsole\debug\parallelconsole.tlog\link.command.1.tlog
c:\projects\parallelconsole\parallelconsole\debug\parallelconsole.tlog\link.read.1.tlog
c:\projects\parallelconsole\parallelconsole\debug\parallelconsole.tlog\link.write.1.tlog
